# JRE version: OpenJDK Runtime Environment Homebrew (23.0.2) (build 23.0.2)
# Java VM: OpenJDK 64-Bit Server VM Homebrew (23.0.2, mixed mode, sharing, tiered, compressed oops, compressed class ptrs, g1 gc, bsd-aarch64)
GC Precious Log:
 CardTable entry size: 512
 Card Set container configuration: InlinePtr #cards 3 size 8 Array Of Cards #cards 128 size 272 Howl #buckets 8 coarsen threshold 29491 Howl Bitmap #cards 4096 size 528 coarsen threshold 3686 Card regions per heap region 1 cards per card region 32768
 CPUs: 16 total, 16 available
 Memory: 128G
 Large Page Support: Disabled
 NUMA Support: Disabled
 Compressed Oops: Enabled (Non-zero based)
 Heap Region Size: 16M
 Heap Min Capacity: 16M
 Heap Initial Capacity: 2G
 Heap Max Capacity: 30208M
 Pre-touch: Disabled
 Parallel Workers: 13
 Concurrent Workers: 3
 Concurrent Refinement Workers: 13
 Periodic GC: Disabled
Heap:
 garbage-first heap   total reserved 30932992K, committed 65536K, used 19609K [0x0000000301000000, 0x0000000a61000000)
  region size 16384K, 1 young (16384K), 0 survivors (0K)
 Metaspace       used 3311K, committed 3520K, reserved 1114112K
  class space    used 354K, committed 448K, reserved 1048576K
GC Heap History (12 events):
Event: 0.089 GC heap before
{Heap before GC invocations=0 (full 0):
 garbage-first heap   total reserved 30932992K, committed 2113536K, used 1140K [0x0000000301000000, 0x0000000a61000000)
  region size 16384K, 1 young (16384K), 0 survivors (0K)
 Metaspace       used 1719K, committed 1856K, reserved 1114112K
  class space    used 192K, committed 256K, reserved 1048576K
}
Event: 0.094 GC heap after
{Heap after GC invocations=1 (full 1):
 garbage-first heap   total reserved 30932992K, committed 114688K, used 5746K [0x0000000301000000, 0x0000000a61000000)
  region size 16384K, 0 young (0K), 0 survivors (0K)
 Metaspace       used 1719K, committed 1856K, reserved 1114112K
  class space    used 192K, committed 256K, reserved 1048576K
}
Event: 0.104 GC heap before
{Heap before GC invocations=1 (full 1):
 garbage-first heap   total reserved 30932992K, committed 114688K, used 5746K [0x0000000301000000, 0x0000000a61000000)
  region size 16384K, 1 young (16384K), 0 survivors (0K)
 Metaspace       used 1719K, committed 1856K, reserved 1114112K
  class space    used 192K, committed 256K, reserved 1048576K
}
Event: 0.107 GC heap after
{Heap after GC invocations=2 (full 2):
 garbage-first heap   total reserved 30932992K, committed 65536K, used 5743K [0x0000000301000000, 0x0000000a61000000)
  region size 16384K, 0 young (0K), 0 survivors (0K)
 Metaspace       used 1719K, committed 1856K, reserved 1114112K
  class space    used 192K, committed 256K, reserved 1048576K
}
Event: 0.161 GC heap before
{Heap before GC invocations=2 (full 2):
 garbage-first heap   total reserved 30932992K, committed 65536K, used 22127K [0x0000000301000000, 0x0000000a61000000)
  region size 16384K, 1 young (16384K), 0 survivors (0K)
 Metaspace       used 2431K, committed 2624K, reserved 1114112K
  class space    used 250K, committed 320K, reserved 1048576K
}
Event: 0.162 GC heap after
{Heap after GC invocations=3 (full 2):
 garbage-first heap   total reserved 30932992K, committed 65536K, used 7615K [0x0000000301000000, 0x0000000a61000000)
  region size 16384K, 1 young (16384K), 1 survivors (16384K)
 Metaspace       used 2431K, committed 2624K, reserved 1114112K
  class space    used 250K, committed 320K, reserved 1048576K
}
Event: 0.169 GC heap before
{Heap before GC invocations=3 (full 2):
 garbage-first heap   total reserved 30932992K, committed 65536K, used 23999K [0x0000000301000000, 0x0000000a61000000)
  region size 16384K, 2 young (32768K), 1 survivors (16384K)
 Metaspace       used 2445K, committed 2624K, reserved 1114112K
  class space    used 250K, committed 320K, reserved 1048576K
}
Event: 0.170 GC heap after
{Heap after GC invocations=4 (full 2):
 garbage-first heap   total reserved 30932992K, committed 65536K, used 8599K [0x0000000301000000, 0x0000000a61000000)
  region size 16384K, 1 young (16384K), 1 survivors (16384K)
 Metaspace       used 2445K, committed 2624K, reserved 1114112K
  class space    used 250K, committed 320K, reserved 1048576K
}
Event: 0.189 GC heap before
{Heap before GC invocations=4 (full 2):
 garbage-first heap   total reserved 30932992K, committed 65536K, used 8599K [0x0000000301000000, 0x0000000a61000000)
  region size 16384K, 2 young (32768K), 1 survivors (16384K)
 Metaspace       used 2885K, committed 3072K, reserved 1114112K
  class space    used 294K, committed 384K, reserved 1048576K
}
Event: 0.191 GC heap after
{Heap after GC invocations=5 (full 2):
 garbage-first heap   total reserved 30932992K, committed 65536K, used 10319K [0x0000000301000000, 0x0000000a61000000)
  region size 16384K, 1 young (16384K), 1 survivors (16384K)
 Metaspace       used 2885K, committed 3072K, reserved 1114112K
  class space    used 294K, committed 384K, reserved 1048576K
}
Event: 0.244 GC heap before
{Heap before GC invocations=5 (full 2):
 garbage-first heap   total reserved 30932992K, committed 65536K, used 10319K [0x0000000301000000, 0x0000000a61000000)
  region size 16384K, 2 young (32768K), 1 survivors (16384K)
 Metaspace       used 3173K, committed 3392K, reserved 1114112K
  class space    used 335K, committed 448K, reserved 1048576K
}
Event: 0.259 GC heap after
{Heap after GC invocations=6 (full 3):
 garbage-first heap   total reserved 30932992K, committed 65536K, used 19609K [0x0000000301000000, 0x0000000a61000000)
  region size 16384K, 0 young (0K), 0 survivors (0K)
 Metaspace       used 3173K, committed 3392K, reserved 1114112K
  class space    used 335K, committed 448K, reserved 1048576K
}

